<?xml version="1.0" encoding="utf-8" standalone="no"?>
<!--This file represents the results of running a test suite-->
<test-results name="C:\Work\MetricsEvaluator\MetricsEvaluationUtility\Metrics Evaluator.nunit" total="10" errors="0" failures="0" not-run="0" inconclusive="0" ignored="0" skipped="0" invalid="0" date="2014-05-15" time="20:40:25">
  <environment nunit-version="2.6.0.12051" clr-version="2.0.50727.5477" os-version="Microsoft Windows NT 6.1.7601 Service Pack 1" platform="Win32NT" cwd="C:\Work\MetricsEvaluator\MetricsEvaluationUtility" machine-name="SEAN" user="Sean" user-domain="SEAN" />
  <culture-info current-culture="en-GB" current-uiculture="en-US" />
  <test-suite type="Project" name="C:\Work\MetricsEvaluator\MetricsEvaluationUtility\Metrics Evaluator.nunit" executed="True" result="Success" success="True" time="0.520" asserts="0">
    <results>
      <test-suite type="Assembly" name="C:\Work\MetricsEvaluator\MetricsEvaluationUtility\MetricsUtility.Tests\bin\Debug\MetricsUtiltiy.Tests.dll" executed="True" result="Success" success="True" time="0.459" asserts="0">
        <results>
          <test-suite type="Namespace" name="MetricsUtiltiy" executed="True" result="Success" success="True" time="0.458" asserts="0">
            <results>
              <test-suite type="Namespace" name="Tests" executed="True" result="Success" success="True" time="0.457" asserts="0">
                <results>
                  <test-suite type="TestFixture" name="GetVariableNameTests" executed="True" result="Success" success="True" time="0.445" asserts="0">
                    <results>
                      <test-case name="MetricsUtiltiy.Tests.GetVariableNameTests.Extract_Varable_Name_1" executed="True" result="Success" success="True" time="0.242" asserts="1" />
                      <test-case name="MetricsUtiltiy.Tests.GetVariableNameTests.Extract_Varable_Name_10" executed="True" result="Success" success="True" time="0.001" asserts="1" />
                      <test-case name="MetricsUtiltiy.Tests.GetVariableNameTests.Extract_Varable_Name_2" executed="True" result="Success" success="True" time="0.001" asserts="1" />
                      <test-case name="MetricsUtiltiy.Tests.GetVariableNameTests.Extract_Varable_Name_3" executed="True" result="Success" success="True" time="0.001" asserts="1" />
                      <test-case name="MetricsUtiltiy.Tests.GetVariableNameTests.Extract_Varable_Name_4" executed="True" result="Success" success="True" time="0.001" asserts="1" />
                      <test-case name="MetricsUtiltiy.Tests.GetVariableNameTests.Extract_Varable_Name_5" executed="True" result="Success" success="True" time="0.001" asserts="1" />
                      <test-case name="MetricsUtiltiy.Tests.GetVariableNameTests.Extract_Varable_Name_6" executed="True" result="Success" success="True" time="0.002" asserts="1" />
                      <test-case name="MetricsUtiltiy.Tests.GetVariableNameTests.Extract_Varable_Name_7" executed="True" result="Success" success="True" time="0.001" asserts="1" />
                      <test-case name="MetricsUtiltiy.Tests.GetVariableNameTests.Extract_Varable_Name_8" executed="True" result="Success" success="True" time="0.001" asserts="1" />
                      <test-case name="MetricsUtiltiy.Tests.GetVariableNameTests.Extract_Varable_Name_9" executed="True" result="Success" success="True" time="0.001" asserts="1" />
                    </results>
                  </test-suite>
                </results>
              </test-suite>
            </results>
          </test-suite>
        </results>
      </test-suite>
    </results>
  </test-suite>
</test-results>